2022-10-27 10:33:09.294  INFO 19336 --- [SpringApplicationShutdownHook] o.s.i.endpoint.EventDrivenConsumer       : Removing {logging-channel-adapter:_org.springframework.integration.errorLogger} as a subscriber to the 'errorChannel' channel
2022-10-27 10:33:09.294  INFO 19336 --- [SpringApplicationShutdownHook] o.s.i.channel.PublishSubscribeChannel    : Channel 'application.errorChannel' has 0 subscriber(s).
2022-10-27 10:33:09.294  INFO 19336 --- [SpringApplicationShutdownHook] o.s.i.endpoint.EventDrivenConsumer       : stopped bean '_org.springframework.integration.errorLogger'
2022-10-27 10:50:20.238  INFO 7676 --- [main] r.a.M.IntegratorCVSApplication           : Starting IntegratorCVSApplication using Java 17.0.4.1 on DESKTOP-TLJGED0 with PID 7676 (C:\Users\Sergey\Desktop\JAVA\IntegratorCVS\target\classes started by Sergey in C:\Users\Sergey\Desktop\JAVA\IntegratorCVS)
2022-10-27 10:50:20.239  INFO 7676 --- [main] r.a.M.IntegratorCVSApplication           : No active profile set, falling back to 1 default profile: "default"
2022-10-27 10:50:20.620  INFO 7676 --- [main] faultConfiguringBeanFactoryPostProcessor : No bean named 'errorChannel' has been explicitly defined. Therefore, a default PublishSubscribeChannel will be created.
2022-10-27 10:50:20.631  INFO 7676 --- [main] faultConfiguringBeanFactoryPostProcessor : No bean named 'integrationHeaderChannelRegistry' has been explicitly defined. Therefore, a default DefaultHeaderChannelRegistry will be created.
2022-10-27 10:50:20.705  INFO 7676 --- [main] trationDelegate$BeanPostProcessorChecker : Bean 'org.springframework.integration.config.IntegrationManagementConfiguration' of type [org.springframework.integration.config.IntegrationManagementConfiguration] is not eligible for getting processed by all BeanPostProcessors (for example: not eligible for auto-proxying)
2022-10-27 10:50:20.708  INFO 7676 --- [main] trationDelegate$BeanPostProcessorChecker : Bean 'integrationChannelResolver' of type [org.springframework.integration.support.channel.BeanFactoryChannelResolver] is not eligible for getting processed by all BeanPostProcessors (for example: not eligible for auto-proxying)
2022-10-27 10:50:20.856  INFO 7676 --- [main] o.s.b.w.embedded.tomcat.TomcatWebServer  : Tomcat initialized with port(s): 8080 (http)
2022-10-27 10:50:20.870  INFO 7676 --- [main] o.apache.catalina.core.StandardService   : Starting service [Tomcat]
2022-10-27 10:50:20.870  INFO 7676 --- [main] org.apache.catalina.core.StandardEngine  : Starting Servlet engine: [Apache Tomcat/9.0.65]
2022-10-27 10:50:20.940  INFO 7676 --- [main] o.a.c.c.C.[Tomcat].[localhost].[/]       : Initializing Spring embedded WebApplicationContext
2022-10-27 10:50:20.940  INFO 7676 --- [main] w.s.c.ServletWebServerApplicationContext : Root WebApplicationContext: initialization completed in 677 ms
2022-10-27 10:50:20.976  INFO 7676 --- [main] r.a.MqttExample.mqtt.MqttConfiguration   : Создание подключения клиента: ID = DESKTOP-TLJGED0-MQTT, HOST_NAME = 194.87.237.67, PORT = 1883
2022-10-27 10:50:21.671  INFO 7676 --- [main] r.a.MqttExample.mqtt.MqttConfiguration   : Успешное подключение клиента "DESKTOP-TLJGED0-MQTT" по адресу: tcp://194.87.237.67:1883
2022-10-27 10:50:21.919  INFO 7676 --- [main] o.s.i.endpoint.EventDrivenConsumer       : Adding {logging-channel-adapter:_org.springframework.integration.errorLogger} as a subscriber to the 'errorChannel' channel
2022-10-27 10:50:21.919  INFO 7676 --- [main] o.s.i.channel.PublishSubscribeChannel    : Channel 'application.errorChannel' has 1 subscriber(s).
2022-10-27 10:50:21.919  INFO 7676 --- [main] o.s.i.endpoint.EventDrivenConsumer       : started bean '_org.springframework.integration.errorLogger'
2022-10-27 10:50:21.931  INFO 7676 --- [main] o.s.b.w.embedded.tomcat.TomcatWebServer  : Tomcat started on port(s): 8080 (http) with context path ''
2022-10-27 10:50:21.938  INFO 7676 --- [main] r.a.M.IntegratorCVSApplication           : Started IntegratorCVSApplication in 1.969 seconds (JVM running for 2.389)
2022-10-27 10:52:28.865  INFO 7676 --- [http-nio-8080-exec-1] o.a.c.c.C.[Tomcat].[localhost].[/]       : Initializing Spring DispatcherServlet 'dispatcherServlet'
2022-10-27 10:52:28.865  INFO 7676 --- [http-nio-8080-exec-1] o.s.web.servlet.DispatcherServlet        : Initializing Servlet 'dispatcherServlet'
2022-10-27 10:52:28.866  INFO 7676 --- [http-nio-8080-exec-1] o.s.web.servlet.DispatcherServlet        : Completed initialization in 1 ms
2022-10-27 10:52:28.883  INFO 7676 --- [http-nio-8080-exec-1] r.a.M.controller.MqttController          : Получен топик и ГРЗ. ТОПИК: "getGRZ" ГРЗ: "ABC"
2022-10-27 10:52:28.883  INFO 7676 --- [http-nio-8080-exec-1] r.a.M.controller.MqttController          : Выполнение валидации.
2022-10-27 10:52:28.915  INFO 7676 --- [http-nio-8080-exec-1] r.a.MqttExample.service.MqttServiceImpl  : Валидация прошла успешно.
2022-10-27 10:52:28.916  INFO 7676 --- [http-nio-8080-exec-1] r.a.MqttExample.service.MqttServiceImpl  : Совершение GET запроса: /send. ТОПИК: "getGRZ". ГРЗ: "ABC"
2022-10-27 10:52:28.966  INFO 7676 --- [http-nio-8080-exec-1] r.a.MqttExample.service.MqttServiceImpl  : ГРЗ "ABC" успешно отправлено на топик "getGRZ"
2022-10-27 11:17:39.475  INFO 7676 --- [http-nio-8080-exec-4] r.a.M.controller.MqttController          : Получен топик и ГРЗ. ТОПИК: "getGRZ" ГРЗ: "ABC"
2022-10-27 11:17:39.476  INFO 7676 --- [http-nio-8080-exec-4] r.a.M.controller.MqttController          : Выполнение валидации.
2022-10-27 11:17:39.477  INFO 7676 --- [http-nio-8080-exec-4] r.a.MqttExample.service.MqttServiceImpl  : Валидация прошла успешно.
2022-10-27 11:17:39.477  INFO 7676 --- [http-nio-8080-exec-4] r.a.MqttExample.service.MqttServiceImpl  : Совершение GET запроса: /send. ТОПИК: "getGRZ". ГРЗ: "ABC"
2022-10-27 11:17:39.558  INFO 7676 --- [http-nio-8080-exec-4] r.a.MqttExample.service.MqttServiceImpl  : ГРЗ "ABC" успешно отправлено на топик "getGRZ"
2022-10-27 11:23:33.023  WARN 7676 --- [http-nio-8080-exec-6] .w.s.m.s.DefaultHandlerExceptionResolver : Resolved [org.springframework.web.HttpRequestMethodNotSupportedException: Request method 'POST' not supported]
2022-10-27 11:25:52.296  WARN 7676 --- [http-nio-8080-exec-8] .w.s.m.s.DefaultHandlerExceptionResolver : Resolved [org.springframework.web.HttpRequestMethodNotSupportedException: Request method 'POST' not supported]
2022-10-27 11:28:40.448  WARN 7676 --- [http-nio-8080-exec-10] .w.s.m.s.DefaultHandlerExceptionResolver : Resolved [org.springframework.web.HttpRequestMethodNotSupportedException: Request method 'POST' not supported]
2022-10-27 11:30:38.179  WARN 7676 --- [http-nio-8080-exec-2] .w.s.m.s.DefaultHandlerExceptionResolver : Resolved [org.springframework.web.HttpRequestMethodNotSupportedException: Request method 'POST' not supported]
2022-10-27 11:30:51.664  INFO 7676 --- [http-nio-8080-exec-4] r.a.M.controller.MqttController          : Получен топик и ГРЗ. ТОПИК: "getGRZ" ГРЗ: "ABC"
2022-10-27 11:30:51.665  INFO 7676 --- [http-nio-8080-exec-4] r.a.M.controller.MqttController          : Выполнение валидации.
2022-10-27 11:30:51.665  INFO 7676 --- [http-nio-8080-exec-4] r.a.MqttExample.service.MqttServiceImpl  : Валидация прошла успешно.
2022-10-27 11:30:51.665  INFO 7676 --- [http-nio-8080-exec-4] r.a.MqttExample.service.MqttServiceImpl  : Совершение GET запроса: /send. ТОПИК: "getGRZ". ГРЗ: "ABC"
2022-10-27 11:30:51.750  INFO 7676 --- [http-nio-8080-exec-4] r.a.MqttExample.service.MqttServiceImpl  : ГРЗ "ABC" успешно отправлено на топик "getGRZ"
2022-10-27 11:32:50.818  INFO 7676 --- [http-nio-8080-exec-6] r.a.M.controller.MqttController          : Получен топик и ГРЗ. ТОПИК: "getGRZ" ГРЗ: "123"
2022-10-27 11:32:50.818  INFO 7676 --- [http-nio-8080-exec-6] r.a.M.controller.MqttController          : Выполнение валидации.
2022-10-27 11:32:50.819  INFO 7676 --- [http-nio-8080-exec-6] r.a.MqttExample.service.MqttServiceImpl  : Валидация прошла успешно.
2022-10-27 11:32:50.819  INFO 7676 --- [http-nio-8080-exec-6] r.a.MqttExample.service.MqttServiceImpl  : Совершение GET запроса: /send. ТОПИК: "getGRZ". ГРЗ: "123"
2022-10-27 11:32:50.891  INFO 7676 --- [http-nio-8080-exec-6] r.a.MqttExample.service.MqttServiceImpl  : ГРЗ "123" успешно отправлено на топик "getGRZ"
2022-10-27 11:33:27.155  INFO 7676 --- [http-nio-8080-exec-7] r.a.M.controller.MqttController          : Получен топик и ГРЗ. ТОПИК: "getGRZ" ГРЗ: "123"
2022-10-27 11:33:27.156  INFO 7676 --- [http-nio-8080-exec-7] r.a.M.controller.MqttController          : Выполнение валидации.
2022-10-27 11:33:27.156  INFO 7676 --- [http-nio-8080-exec-7] r.a.MqttExample.service.MqttServiceImpl  : Валидация прошла успешно.
2022-10-27 11:33:27.157  INFO 7676 --- [http-nio-8080-exec-7] r.a.MqttExample.service.MqttServiceImpl  : Совершение GET запроса: /send. ТОПИК: "getGRZ". ГРЗ: "123"
2022-10-27 11:33:27.208  INFO 7676 --- [http-nio-8080-exec-7] r.a.MqttExample.service.MqttServiceImpl  : ГРЗ "123" успешно отправлено на топик "getGRZ"
2022-10-27 11:33:38.306  INFO 7676 --- [http-nio-8080-exec-8] r.a.M.controller.MqttController          : Получен топик и ГРЗ. ТОПИК: "getGRZ" ГРЗ: "1234567"
2022-10-27 11:33:38.306  INFO 7676 --- [http-nio-8080-exec-8] r.a.M.controller.MqttController          : Выполнение валидации.
2022-10-27 11:33:38.307  INFO 7676 --- [http-nio-8080-exec-8] r.a.MqttExample.service.MqttServiceImpl  : Валидация прошла успешно.
2022-10-27 11:33:38.307  INFO 7676 --- [http-nio-8080-exec-8] r.a.MqttExample.service.MqttServiceImpl  : Совершение GET запроса: /send. ТОПИК: "getGRZ". ГРЗ: "1234567"
2022-10-27 11:33:38.380  INFO 7676 --- [http-nio-8080-exec-8] r.a.MqttExample.service.MqttServiceImpl  : ГРЗ "1234567" успешно отправлено на топик "getGRZ"
2022-10-27 11:33:48.534  INFO 7676 --- [http-nio-8080-exec-9] r.a.M.controller.MqttController          : Получен топик и ГРЗ. ТОПИК: "getGRZ" ГРЗ: "987654"
2022-10-27 11:33:48.534  INFO 7676 --- [http-nio-8080-exec-9] r.a.M.controller.MqttController          : Выполнение валидации.
2022-10-27 11:33:48.534  INFO 7676 --- [http-nio-8080-exec-9] r.a.MqttExample.service.MqttServiceImpl  : Валидация прошла успешно.
2022-10-27 11:33:48.536  INFO 7676 --- [http-nio-8080-exec-9] r.a.MqttExample.service.MqttServiceImpl  : Совершение GET запроса: /send. ТОПИК: "getGRZ". ГРЗ: "987654"
2022-10-27 11:33:48.635  INFO 7676 --- [http-nio-8080-exec-9] r.a.MqttExample.service.MqttServiceImpl  : ГРЗ "987654" успешно отправлено на топик "getGRZ"
2022-10-27 11:33:52.646  INFO 7676 --- [http-nio-8080-exec-10] r.a.M.controller.MqttController          : Получен топик и ГРЗ. ТОПИК: "getGRZ" ГРЗ: "987654"
2022-10-27 11:33:52.646  INFO 7676 --- [http-nio-8080-exec-10] r.a.M.controller.MqttController          : Выполнение валидации.
2022-10-27 11:33:52.647  INFO 7676 --- [http-nio-8080-exec-10] r.a.MqttExample.service.MqttServiceImpl  : Валидация прошла успешно.
2022-10-27 11:33:52.647  INFO 7676 --- [http-nio-8080-exec-10] r.a.MqttExample.service.MqttServiceImpl  : Совершение GET запроса: /send. ТОПИК: "getGRZ". ГРЗ: "987654"
2022-10-27 11:33:52.698  INFO 7676 --- [http-nio-8080-exec-10] r.a.MqttExample.service.MqttServiceImpl  : ГРЗ "987654" успешно отправлено на топик "getGRZ"
2022-10-27 11:33:56.404  INFO 7676 --- [http-nio-8080-exec-1] r.a.M.controller.MqttController          : Получен топик и ГРЗ. ТОПИК: "getGRZ" ГРЗ: "ASJDJASHD"
2022-10-27 11:33:56.405  INFO 7676 --- [http-nio-8080-exec-1] r.a.M.controller.MqttController          : Выполнение валидации.
2022-10-27 11:33:56.405  INFO 7676 --- [http-nio-8080-exec-1] r.a.MqttExample.service.MqttServiceImpl  : Валидация прошла успешно.
2022-10-27 11:33:56.405  INFO 7676 --- [http-nio-8080-exec-1] r.a.MqttExample.service.MqttServiceImpl  : Совершение GET запроса: /send. ТОПИК: "getGRZ". ГРЗ: "ASJDJASHD"
2022-10-27 11:33:56.504  INFO 7676 --- [http-nio-8080-exec-1] r.a.MqttExample.service.MqttServiceImpl  : ГРЗ "ASJDJASHD" успешно отправлено на топик "getGRZ"
